<?xml version="1.0" encoding="UTF-8"?>
<testsuite xmlns:xsi="http://www.w3.org/2001/XMLSchema-instance" xsi:noNamespaceSchemaLocation="https://maven.apache.org/surefire/maven-surefire-plugin/xsd/surefire-test-report-3.0.xsd" version="3.0" name="org.game.TicTacToeTest" time="0.058" tests="10" errors="0" skipped="0" failures="0">
  <properties>
[...]
</properties>
  <testcase name="test_createBoardNoExceptions" classname="org.game.TicTacToeTest" time="0.021"/>
  <testcase name="test_createBoardCustomElements" classname="org.game.TicTacToeTest" time="0.003"/>
  <testcase name="test_createBoardElements" classname="org.game.TicTacToeTest" time="0.001"/>
  <testcase name="checkWinnerTestOWins" classname="org.game.TicTacToeTest" time="0.008"/>
  <testcase name="checkWinnerTestXWins" classname="org.game.TicTacToeTest" time="0.001"/>
  <testcase name="test_createBoardSize" classname="org.game.TicTacToeTest" time="0.001"/>
  <testcase name="printBoardTest" classname="org.game.TicTacToeTest" time="0.001"/>
  <testcase name="test_createBoardCustomSize" classname="org.game.TicTacToeTest" time="0.001"/>
  <testcase name="test_createBoardNoBehaviour" classname="org.game.TicTacToeTest" time="0.001"/>
  <testcase name="createBoardTest" classname="org.game.TicTacToeTest" time="0.003"/>
</testsuite>